<?xml version="1.0" encoding="UTF-8"?>
<testsuite xmlns:xsi="http://www.w3.org/2001/XMLSchema-instance" xsi:noNamespaceSchemaLocation="https://maven.apache.org/surefire/maven-failsafe-plugin/xsd/failsafe-test-report.xsd" name="org.schemaspy.testcontainer.OracleIT" time="0.974" tests="1" errors="0" skipped="1" failures="0">
  <properties>
    <property name="java.runtime.name" value="Java(TM) SE Runtime Environment"/>
    <property name="sun.boot.library.path" value="/usr/lib/jvm/java-8-oracle/jre/lib/amd64"/>
    <property name="java.vm.version" value="25.131-b11"/>
    <property name="java.vm.vendor" value="Oracle Corporation"/>
    <property name="java.vendor.url" value="http://java.oracle.com/"/>
    <property name="path.separator" value=":"/>
    <property name="guice.disable.misplaced.annotation.check" value="true"/>
    <property name="java.vm.name" value="Java HotSpot(TM) 64-Bit Server VM"/>
    <property name="file.encoding.pkg" value="sun.io"/>
    <property name="user.country" value="US"/>
    <property name="sun.java.launcher" value="SUN_STANDARD"/>
    <property name="sun.os.patch.level" value="unknown"/>
    <property name="java.vm.specification.name" value="Java Virtual Machine Specification"/>
    <property name="user.dir" value="/home/travis/build/schemaspy/schemaspy"/>
    <property name="java.runtime.version" value="1.8.0_131-b11"/>
    <property name="java.awt.graphicsenv" value="sun.awt.X11GraphicsEnvironment"/>
    <property name="java.endorsed.dirs" value="/usr/lib/jvm/java-8-oracle/jre/lib/endorsed"/>
    <property name="os.arch" value="amd64"/>
    <property name="java.io.tmpdir" value="/tmp"/>
    <property name="line.separator" value="&#10;"/>
    <property name="java.vm.specification.vendor" value="Oracle Corporation"/>
    <property name="os.name" value="Linux"/>
    <property name="classworlds.conf" value="/usr/local/maven/bin/m2.conf"/>
    <property name="sun.jnu.encoding" value="UTF-8"/>
    <property name="sonar.login" value="b9b723417cef6e356aa2bf13a6de9b19271e28e3"/>
    <property name="java.library.path" value="/usr/java/packages/lib/amd64:/usr/lib64:/lib64:/lib:/usr/lib"/>
    <property name="java.specification.name" value="Java Platform API Specification"/>
    <property name="java.class.version" value="52.0"/>
    <property name="sun.management.compiler" value="HotSpot 64-Bit Tiered Compilers"/>
    <property name="maven.repo.local" value="/home/travis/.m2/repository"/>
    <property name="os.version" value="4.8.12-040812-generic"/>
    <property name="user.home" value="/home/travis"/>
    <property name="user.timezone" value="Etc/UTC"/>
    <property name="sonar.host.url" value="https://sonarqube.com"/>
    <property name="java.awt.printerjob" value="sun.print.PSPrinterJob"/>
    <property name="java.specification.version" value="1.8"/>
    <property name="file.encoding" value="UTF-8"/>
    <property name="user.name" value="travis"/>
    <property name="java.class.path" value="/usr/local/maven/boot/plexus-classworlds-2.5.2.jar"/>
    <property name="java.vm.specification.version" value="1.8"/>
    <property name="sun.arch.data.model" value="64"/>
    <property name="java.home" value="/usr/lib/jvm/java-8-oracle/jre"/>
    <property name="sun.java.command" value="org.codehaus.plexus.classworlds.launcher.Launcher clean org.jacoco:jacoco-maven-plugin:prepare-agent verify sonar:sonar -B -e -V -Dsonar.host.url=https://sonarqube.com -Dsonar.login=b9b723417cef6e356aa2bf13a6de9b19271e28e3"/>
    <property name="java.specification.vendor" value="Oracle Corporation"/>
    <property name="user.language" value="en"/>
    <property name="awt.toolkit" value="sun.awt.X11.XToolkit"/>
    <property name="java.vm.info" value="mixed mode"/>
    <property name="java.version" value="1.8.0_131"/>
    <property name="java.ext.dirs" value="/usr/lib/jvm/java-8-oracle/jre/lib/ext:/usr/java/packages/lib/ext"/>
    <property name="securerandom.source" value="file:/dev/./urandom"/>
    <property name="sun.boot.class.path" value="/usr/lib/jvm/java-8-oracle/jre/lib/resources.jar:/usr/lib/jvm/java-8-oracle/jre/lib/rt.jar:/usr/lib/jvm/java-8-oracle/jre/lib/sunrsasign.jar:/usr/lib/jvm/java-8-oracle/jre/lib/jsse.jar:/usr/lib/jvm/java-8-oracle/jre/lib/jce.jar:/usr/lib/jvm/java-8-oracle/jre/lib/charsets.jar:/usr/lib/jvm/java-8-oracle/jre/lib/jfr.jar:/usr/lib/jvm/java-8-oracle/jre/classes"/>
    <property name="java.vendor" value="Oracle Corporation"/>
    <property name="maven.home" value="/usr/local/maven"/>
    <property name="file.separator" value="/"/>
    <property name="java.vendor.url.bug" value="http://bugreport.sun.com/bugreport/"/>
    <property name="sun.cpu.endian" value="little"/>
    <property name="sun.io.unicode.encoding" value="UnicodeLittle"/>
    <property name="sun.cpu.isalist" value=""/>
  </properties>
  <testcase name="org.schemaspy.testcontainer.OracleIT" classname="org.schemaspy.testcontainer.OracleIT" time="0">
    <skipped message="org.schemaspy.testcontainer.OracleIT: got: &lt;java.lang.RuntimeException: Could not get Driver&gt;, expected: null"/>
    <system-out><![CDATA[20:51:59.048 [main] DEBUG org.springframework.test.context.junit4.SpringJUnit4ClassRunner - SpringJUnit4ClassRunner constructor called with [class org.schemaspy.testcontainer.OracleIT]
20:51:59.060 [main] DEBUG org.springframework.test.context.BootstrapUtils - Instantiating CacheAwareContextLoaderDelegate from class [org.springframework.test.context.cache.DefaultCacheAwareContextLoaderDelegate]
20:51:59.075 [main] DEBUG org.springframework.test.context.BootstrapUtils - Instantiating BootstrapContext using constructor [public org.springframework.test.context.support.DefaultBootstrapContext(java.lang.Class,org.springframework.test.context.CacheAwareContextLoaderDelegate)]
20:51:59.114 [main] DEBUG org.springframework.test.context.BootstrapUtils - Instantiating TestContextBootstrapper for test class [org.schemaspy.testcontainer.OracleIT] from class [org.springframework.boot.test.context.SpringBootTestContextBootstrapper]
20:51:59.139 [main] INFO org.springframework.boot.test.context.SpringBootTestContextBootstrapper - Neither @ContextConfiguration nor @ContextHierarchy found for test class [org.schemaspy.testcontainer.OracleIT], using SpringBootContextLoader
20:51:59.148 [main] DEBUG org.springframework.test.context.support.AbstractContextLoader - Did not detect default resource location for test class [org.schemaspy.testcontainer.OracleIT]: class path resource [org/schemaspy/testcontainer/OracleIT-context.xml] does not exist
20:51:59.149 [main] DEBUG org.springframework.test.context.support.AbstractContextLoader - Did not detect default resource location for test class [org.schemaspy.testcontainer.OracleIT]: class path resource [org/schemaspy/testcontainer/OracleITContext.groovy] does not exist
20:51:59.149 [main] INFO org.springframework.test.context.support.AbstractContextLoader - Could not detect default resource locations for test class [org.schemaspy.testcontainer.OracleIT]: no resource found for suffixes {-context.xml, Context.groovy}.
20:51:59.150 [main] INFO org.springframework.test.context.support.AnnotationConfigContextLoaderUtils - Could not detect default configuration classes for test class [org.schemaspy.testcontainer.OracleIT]: OracleIT does not declare any static, non-private, non-final, nested classes annotated with @Configuration.
20:51:59.231 [main] DEBUG org.springframework.test.context.support.ActiveProfilesUtils - Could not find an 'annotation declaring class' for annotation type [org.springframework.test.context.ActiveProfiles] and class [org.schemaspy.testcontainer.OracleIT]
20:51:59.250 [main] DEBUG org.springframework.core.env.StandardEnvironment - Adding [systemProperties] PropertySource with lowest search precedence
20:51:59.252 [main] DEBUG org.springframework.core.env.StandardEnvironment - Adding [systemEnvironment] PropertySource with lowest search precedence
20:51:59.252 [main] DEBUG org.springframework.core.env.StandardEnvironment - Initialized StandardEnvironment with PropertySources [systemProperties,systemEnvironment]
20:51:59.271 [main] DEBUG org.springframework.core.io.support.PathMatchingResourcePatternResolver - Resolved classpath location [org/schemaspy/testcontainer/] to resources [URL [file:/home/travis/build/schemaspy/schemaspy/target/test-classes/org/schemaspy/testcontainer/]]
20:51:59.271 [main] DEBUG org.springframework.core.io.support.PathMatchingResourcePatternResolver - Looking for matching resources in directory tree [/home/travis/build/schemaspy/schemaspy/target/test-classes/org/schemaspy/testcontainer]
20:51:59.271 [main] DEBUG org.springframework.core.io.support.PathMatchingResourcePatternResolver - Searching directory [/home/travis/build/schemaspy/schemaspy/target/test-classes/org/schemaspy/testcontainer] for files matching pattern [/home/travis/build/schemaspy/schemaspy/target/test-classes/org/schemaspy/testcontainer/*.class]
20:51:59.277 [main] DEBUG org.springframework.core.io.support.PathMatchingResourcePatternResolver - Resolved location pattern [classpath*:org/schemaspy/testcontainer/*.class] to resources [file [/home/travis/build/schemaspy/schemaspy/target/test-classes/org/schemaspy/testcontainer/OracleIT.class]]
20:51:59.341 [main] DEBUG org.springframework.core.io.support.PathMatchingResourcePatternResolver - Resolved classpath location [org/schemaspy/] to resources [URL [file:/home/travis/build/schemaspy/schemaspy/target/test-classes/org/schemaspy/], URL [file:/home/travis/build/schemaspy/schemaspy/target/classes/org/schemaspy/]]
20:51:59.341 [main] DEBUG org.springframework.core.io.support.PathMatchingResourcePatternResolver - Looking for matching resources in directory tree [/home/travis/build/schemaspy/schemaspy/target/test-classes/org/schemaspy]
20:51:59.341 [main] DEBUG org.springframework.core.io.support.PathMatchingResourcePatternResolver - Searching directory [/home/travis/build/schemaspy/schemaspy/target/test-classes/org/schemaspy] for files matching pattern [/home/travis/build/schemaspy/schemaspy/target/test-classes/org/schemaspy/*.class]
20:51:59.343 [main] DEBUG org.springframework.core.io.support.PathMatchingResourcePatternResolver - Looking for matching resources in directory tree [/home/travis/build/schemaspy/schemaspy/target/classes/org/schemaspy]
20:51:59.343 [main] DEBUG org.springframework.core.io.support.PathMatchingResourcePatternResolver - Searching directory [/home/travis/build/schemaspy/schemaspy/target/classes/org/schemaspy] for files matching pattern [/home/travis/build/schemaspy/schemaspy/target/classes/org/schemaspy/*.class]
20:51:59.347 [main] DEBUG org.springframework.core.io.support.PathMatchingResourcePatternResolver - Resolved location pattern [classpath*:org/schemaspy/*.class] to resources [file [/home/travis/build/schemaspy/schemaspy/target/test-classes/org/schemaspy/ConfigTest.class], file [/home/travis/build/schemaspy/schemaspy/target/test-classes/org/schemaspy/DbAnalyzerTest.class], file [/home/travis/build/schemaspy/schemaspy/target/test-classes/org/schemaspy/DbDriverLoaderTest.class], file [/home/travis/build/schemaspy/schemaspy/target/classes/org/schemaspy/Config$MissingRequiredParameterException.class], file [/home/travis/build/schemaspy/schemaspy/target/classes/org/schemaspy/Config.class], file [/home/travis/build/schemaspy/schemaspy/target/classes/org/schemaspy/DbAnalyzer$1.class], file [/home/travis/build/schemaspy/schemaspy/target/classes/org/schemaspy/DbAnalyzer$2.class], file [/home/travis/build/schemaspy/schemaspy/target/classes/org/schemaspy/DbAnalyzer.class], file [/home/travis/build/schemaspy/schemaspy/target/classes/org/schemaspy/DbDriverLoader.class], file [/home/travis/build/schemaspy/schemaspy/target/classes/org/schemaspy/Main.class], file [/home/travis/build/schemaspy/schemaspy/target/classes/org/schemaspy/Revision.class], file [/home/travis/build/schemaspy/schemaspy/target/classes/org/schemaspy/SchemaAnalyzer.class], file [/home/travis/build/schemaspy/schemaspy/target/classes/org/schemaspy/SchemaSpyConfiguration.class], file [/home/travis/build/schemaspy/schemaspy/target/classes/org/schemaspy/TableOrderer$1.class], file [/home/travis/build/schemaspy/schemaspy/target/classes/org/schemaspy/TableOrderer$1TrimComparator.class], file [/home/travis/build/schemaspy/schemaspy/target/classes/org/schemaspy/TableOrderer.class]]
20:51:59.414 [main] DEBUG org.springframework.context.annotation.ClassPathScanningCandidateComponentProvider - Identified candidate component class: file [/home/travis/build/schemaspy/schemaspy/target/classes/org/schemaspy/Main.class]
20:51:59.425 [main] INFO org.springframework.boot.test.context.SpringBootTestContextBootstrapper - Found @SpringBootConfiguration org.schemaspy.Main for test class org.schemaspy.testcontainer.OracleIT
20:51:59.432 [main] DEBUG org.springframework.boot.test.context.SpringBootTestContextBootstrapper - @TestExecutionListeners is not present for class [org.schemaspy.testcontainer.OracleIT]: using defaults.
20:51:59.436 [main] INFO org.springframework.boot.test.context.SpringBootTestContextBootstrapper - Loaded default TestExecutionListener class names from location [META-INF/spring.factories]: [org.springframework.boot.test.mock.mockito.MockitoTestExecutionListener, org.springframework.boot.test.mock.mockito.ResetMocksTestExecutionListener, org.springframework.boot.test.autoconfigure.restdocs.RestDocsTestExecutionListener, org.springframework.boot.test.autoconfigure.web.client.MockRestServiceServerResetTestExecutionListener, org.springframework.boot.test.autoconfigure.web.servlet.MockMvcPrintOnlyOnFailureTestExecutionListener, org.springframework.boot.test.autoconfigure.web.servlet.WebDriverTestExecutionListener, org.springframework.test.context.web.ServletTestExecutionListener, org.springframework.test.context.support.DirtiesContextBeforeModesTestExecutionListener, org.springframework.test.context.support.DependencyInjectionTestExecutionListener, org.springframework.test.context.support.DirtiesContextTestExecutionListener, org.springframework.test.context.transaction.TransactionalTestExecutionListener, org.springframework.test.context.jdbc.SqlScriptsTestExecutionListener]
20:51:59.458 [main] INFO org.springframework.boot.test.context.SpringBootTestContextBootstrapper - Could not instantiate TestExecutionListener [org.springframework.test.context.web.ServletTestExecutionListener]. Specify custom listener classes or make the default listener classes (and their required dependencies) available. Offending class: [javax/servlet/ServletContext]
20:51:59.466 [main] INFO org.springframework.boot.test.context.SpringBootTestContextBootstrapper - Could not instantiate TestExecutionListener [org.springframework.test.context.transaction.TransactionalTestExecutionListener]. Specify custom listener classes or make the default listener classes (and their required dependencies) available. Offending class: [org/springframework/transaction/TransactionDefinition]
20:51:59.468 [main] INFO org.springframework.boot.test.context.SpringBootTestContextBootstrapper - Could not instantiate TestExecutionListener [org.springframework.test.context.jdbc.SqlScriptsTestExecutionListener]. Specify custom listener classes or make the default listener classes (and their required dependencies) available. Offending class: [org/springframework/transaction/interceptor/TransactionAttribute]
20:51:59.469 [main] INFO org.springframework.boot.test.context.SpringBootTestContextBootstrapper - Using TestExecutionListeners: [org.springframework.test.context.support.DirtiesContextBeforeModesTestExecutionListener@4215e133, org.springframework.boot.test.autoconfigure.SpringBootDependencyInjectionTestExecutionListener@5ccb85d6, org.springframework.test.context.support.DirtiesContextTestExecutionListener@d88f893, org.springframework.boot.test.autoconfigure.web.servlet.MockMvcPrintOnlyOnFailureTestExecutionListener@259b85d6, org.springframework.boot.test.autoconfigure.restdocs.RestDocsTestExecutionListener@48eaf42f, org.springframework.boot.test.autoconfigure.web.client.MockRestServiceServerResetTestExecutionListener@488f3dd1, org.springframework.boot.test.autoconfigure.web.servlet.WebDriverTestExecutionListener@2091833, org.springframework.boot.test.mock.mockito.ResetMocksTestExecutionListener@7bc58891, org.springframework.boot.test.mock.mockito.MockitoTestExecutionListener@6411504a]
20:51:59.472 [main] DEBUG org.springframework.test.annotation.ProfileValueUtils - Retrieved @ProfileValueSourceConfiguration [null] for test class [org.schemaspy.testcontainer.OracleIT]
20:51:59.473 [main] DEBUG org.springframework.test.annotation.ProfileValueUtils - Retrieved ProfileValueSource type [class org.springframework.test.annotation.SystemProfileValueSource] for class [org.schemaspy.testcontainer.OracleIT]
20:51:59.475 [main] DEBUG org.springframework.test.annotation.ProfileValueUtils - Retrieved @ProfileValueSourceConfiguration [null] for test class [org.schemaspy.testcontainer.OracleIT]
20:51:59.476 [main] DEBUG org.springframework.test.annotation.ProfileValueUtils - Retrieved ProfileValueSource type [class org.springframework.test.annotation.SystemProfileValueSource] for class [org.schemaspy.testcontainer.OracleIT]
20:51:59.477 [main] DEBUG org.springframework.test.annotation.ProfileValueUtils - Retrieved @ProfileValueSourceConfiguration [null] for test class [org.schemaspy.testcontainer.OracleIT]
20:51:59.477 [main] DEBUG org.springframework.test.annotation.ProfileValueUtils - Retrieved ProfileValueSource type [class org.springframework.test.annotation.SystemProfileValueSource] for class [org.schemaspy.testcontainer.OracleIT]
20:51:59.628 [main] DEBUG org.springframework.test.annotation.ProfileValueUtils - Retrieved @ProfileValueSourceConfiguration [null] for test class [org.schemaspy.testcontainer.OracleIT]
20:51:59.630 [main] DEBUG org.springframework.test.annotation.ProfileValueUtils - Retrieved ProfileValueSource type [class org.springframework.test.annotation.SystemProfileValueSource] for class [org.schemaspy.testcontainer.OracleIT]
]]></system-out>
  </testcase>
</testsuite>